<?xml version="1.0" encoding="UTF-8"?>
<!-- Generated by org.testng.reporters.JUnitReportReporter -->
<testsuite hostname="Rashmi" name="com.selenium.BrowserTest" tests="1" failures="0" timestamp="5 May 2018 10:26:24 GMT" time="4.393" errors="0">
  <testcase name="browserLaunch" time="4.393" classname="com.selenium.BrowserTest"/>
</testsuite> <!-- com.selenium.BrowserTest -->
