<?xml version="1.0" encoding="UTF-8"?>
<!-- Generated by org.testng.reporters.JUnitReportReporter -->
<testsuite hostname="Rashmi" name="com.selenium.NewTest" tests="1" failures="0" timestamp="5 May 2018 09:37:49 GMT" time="24.764" errors="0">
  <testcase name="testBrowser" time="24.764" classname="com.selenium.NewTest"/>
</testsuite> <!-- com.selenium.NewTest -->
